# JRE version: OpenJDK Runtime Environment Temurin-21.0.6+7 (21.0.6+7) (build 21.0.6+7-LTS)
# Java VM: OpenJDK 64-Bit Server VM Temurin-21.0.6+7 (21.0.6+7-LTS, mixed mode, sharing, tiered, compressed oops, compressed class ptrs, parallel gc, windows-amd64)
GC Precious Log:
 CardTable entry size: 512
 CPUs: 8 total, 8 available
 Memory: 14269M
 Large Page Support: Disabled
 NUMA Support: Disabled
 Compressed Oops: Enabled (32-bit)
 Alignments: Space 512K, Generation 512K, Heap 2M
 Heap Min Capacity: 100M
 Heap Initial Capacity: 100M
 Heap Max Capacity: 1G
 Pre-touch: Disabled
 Parallel Workers: 8
Heap:
 PSYoungGen      total 18944K, used 7803K [0x00000000eab00000, 0x00000000ec180000, 0x0000000100000000)
  eden space 15872K, 32% used [0x00000000eab00000,0x00000000eb008f50,0x00000000eba80000)
  from space 3072K, 86% used [0x00000000eba80000,0x00000000ebd15fb8,0x00000000ebd80000)
  to   space 3584K, 0% used [0x00000000ebe00000,0x00000000ebe00000,0x00000000ec180000)
 ParOldGen       total 68608K, used 40740K [0x00000000c0000000, 0x00000000c4300000, 0x00000000eab00000)
  object space 68608K, 59% used [0x00000000c0000000,0x00000000c27c9260,0x00000000c4300000)
 Metaspace       used 45659K, committed 46720K, reserved 1114112K
  class space    used 4401K, committed 4928K, reserved 1048576K
GC Heap History (20 events):
Event: 17.775 GC heap before
{Heap before GC invocations=18 (full 2):
 PSYoungGen      total 23552K, used 23484K [0x00000000eab00000, 0x00000000ec580000, 0x0000000100000000)
  eden space 22016K, 100% used [0x00000000eab00000,0x00000000ec080000,0x00000000ec080000)
  from space 1536K, 95% used [0x00000000ec080000,0x00000000ec1ef380,0x00000000ec200000)
  to   space 2560K, 0% used [0x00000000ec300000,0x00000000ec300000,0x00000000ec580000)
 ParOldGen       total 68608K, used 22890K [0x00000000c0000000, 0x00000000c4300000, 0x00000000eab00000)
  object space 68608K, 33% used [0x00000000c0000000,0x00000000c165a938,0x00000000c4300000)
 Metaspace       used 35320K, committed 36224K, reserved 1114112K
  class space    used 3477K, committed 3968K, reserved 1048576K
}
Event: 17.778 GC heap after
{Heap after GC invocations=18 (full 2):
 PSYoungGen      total 23552K, used 1348K [0x00000000eab00000, 0x00000000ec480000, 0x0000000100000000)
  eden space 22016K, 0% used [0x00000000eab00000,0x00000000eab00000,0x00000000ec080000)
  from space 1536K, 87% used [0x00000000ec300000,0x00000000ec451000,0x00000000ec480000)
  to   space 2048K, 0% used [0x00000000ec080000,0x00000000ec080000,0x00000000ec280000)
 ParOldGen       total 68608K, used 23850K [0x00000000c0000000, 0x00000000c4300000, 0x00000000eab00000)
  object space 68608K, 34% used [0x00000000c0000000,0x00000000c174a938,0x00000000c4300000)
 Metaspace       used 35320K, committed 36224K, reserved 1114112K
  class space    used 3477K, committed 3968K, reserved 1048576K
}
Event: 17.857 GC heap before
{Heap before GC invocations=19 (full 2):
 PSYoungGen      total 23552K, used 23364K [0x00000000eab00000, 0x00000000ec480000, 0x0000000100000000)
  eden space 22016K, 100% used [0x00000000eab00000,0x00000000ec080000,0x00000000ec080000)
  from space 1536K, 87% used [0x00000000ec300000,0x00000000ec451000,0x00000000ec480000)
  to   space 2048K, 0% used [0x00000000ec080000,0x00000000ec080000,0x00000000ec280000)
 ParOldGen       total 68608K, used 23850K [0x00000000c0000000, 0x00000000c4300000, 0x00000000eab00000)
  object space 68608K, 34% used [0x00000000c0000000,0x00000000c174a938,0x00000000c4300000)
 Metaspace       used 35908K, committed 36800K, reserved 1114112K
  class space    used 3539K, committed 3968K, reserved 1048576K
}
Event: 17.861 GC heap after
{Heap after GC invocations=19 (full 2):
 PSYoungGen      total 24064K, used 1728K [0x00000000eab00000, 0x00000000ec480000, 0x0000000100000000)
  eden space 22016K, 0% used [0x00000000eab00000,0x00000000eab00000,0x00000000ec080000)
  from space 2048K, 84% used [0x00000000ec080000,0x00000000ec230000,0x00000000ec280000)
  to   space 2048K, 0% used [0x00000000ec280000,0x00000000ec280000,0x00000000ec480000)
 ParOldGen       total 68608K, used 25010K [0x00000000c0000000, 0x00000000c4300000, 0x00000000eab00000)
  object space 68608K, 36% used [0x00000000c0000000,0x00000000c186ca38,0x00000000c4300000)
 Metaspace       used 35908K, committed 36800K, reserved 1114112K
  class space    used 3539K, committed 3968K, reserved 1048576K
}
Event: 17.998 GC heap before
{Heap before GC invocations=20 (full 2):
 PSYoungGen      total 24064K, used 23744K [0x00000000eab00000, 0x00000000ec480000, 0x0000000100000000)
  eden space 22016K, 100% used [0x00000000eab00000,0x00000000ec080000,0x00000000ec080000)
  from space 2048K, 84% used [0x00000000ec080000,0x00000000ec230000,0x00000000ec280000)
  to   space 2048K, 0% used [0x00000000ec280000,0x00000000ec280000,0x00000000ec480000)
 ParOldGen       total 68608K, used 25010K [0x00000000c0000000, 0x00000000c4300000, 0x00000000eab00000)
  object space 68608K, 36% used [0x00000000c0000000,0x00000000c186ca38,0x00000000c4300000)
 Metaspace       used 36749K, committed 37632K, reserved 1114112K
  class space    used 3598K, committed 4032K, reserved 1048576K
}
Event: 18.003 GC heap after
{Heap after GC invocations=20 (full 2):
 PSYoungGen      total 22016K, used 2016K [0x00000000eab00000, 0x00000000ec880000, 0x0000000100000000)
  eden space 19968K, 0% used [0x00000000eab00000,0x00000000eab00000,0x00000000ebe80000)
  from space 2048K, 98% used [0x00000000ec280000,0x00000000ec478010,0x00000000ec480000)
  to   space 4096K, 0% used [0x00000000ebe80000,0x00000000ebe80000,0x00000000ec280000)
 ParOldGen       total 68608K, used 26690K [0x00000000c0000000, 0x00000000c4300000, 0x00000000eab00000)
  object space 68608K, 38% used [0x00000000c0000000,0x00000000c1a10a38,0x00000000c4300000)
 Metaspace       used 36749K, committed 37632K, reserved 1114112K
  class space    used 3598K, committed 4032K, reserved 1048576K
}
Event: 18.165 GC heap before
{Heap before GC invocations=21 (full 2):
 PSYoungGen      total 22016K, used 21984K [0x00000000eab00000, 0x00000000ec880000, 0x0000000100000000)
  eden space 19968K, 100% used [0x00000000eab00000,0x00000000ebe80000,0x00000000ebe80000)
  from space 2048K, 98% used [0x00000000ec280000,0x00000000ec478010,0x00000000ec480000)
  to   space 4096K, 0% used [0x00000000ebe80000,0x00000000ebe80000,0x00000000ec280000)
 ParOldGen       total 68608K, used 26690K [0x00000000c0000000, 0x00000000c4300000, 0x00000000eab00000)
  object space 68608K, 38% used [0x00000000c0000000,0x00000000c1a10a38,0x00000000c4300000)
 Metaspace       used 37102K, committed 38016K, reserved 1114112K
  class space    used 3644K, committed 4096K, reserved 1048576K
}
Event: 18.171 GC heap after
{Heap after GC invocations=21 (full 2):
 PSYoungGen      total 22528K, used 2469K [0x00000000eab00000, 0x00000000ec480000, 0x0000000100000000)
  eden space 19968K, 0% used [0x00000000eab00000,0x00000000eab00000,0x00000000ebe80000)
  from space 2560K, 96% used [0x00000000ebe80000,0x00000000ec0e9730,0x00000000ec100000)
  to   space 3072K, 0% used [0x00000000ec180000,0x00000000ec180000,0x00000000ec480000)
 ParOldGen       total 68608K, used 28522K [0x00000000c0000000, 0x00000000c4300000, 0x00000000eab00000)
  object space 68608K, 41% used [0x00000000c0000000,0x00000000c1bdaa48,0x00000000c4300000)
 Metaspace       used 37102K, committed 38016K, reserved 1114112K
  class space    used 3644K, committed 4096K, reserved 1048576K
}
Event: 18.477 GC heap before
{Heap before GC invocations=22 (full 2):
 PSYoungGen      total 22528K, used 22437K [0x00000000eab00000, 0x00000000ec480000, 0x0000000100000000)
  eden space 19968K, 100% used [0x00000000eab00000,0x00000000ebe80000,0x00000000ebe80000)
  from space 2560K, 96% used [0x00000000ebe80000,0x00000000ec0e9730,0x00000000ec100000)
  to   space 3072K, 0% used [0x00000000ec180000,0x00000000ec180000,0x00000000ec480000)
 ParOldGen       total 68608K, used 28522K [0x00000000c0000000, 0x00000000c4300000, 0x00000000eab00000)
  object space 68608K, 41% used [0x00000000c0000000,0x00000000c1bdaa48,0x00000000c4300000)
 Metaspace       used 37588K, committed 38528K, reserved 1114112K
  class space    used 3695K, committed 4160K, reserved 1048576K
}
Event: 18.482 GC heap after
{Heap after GC invocations=22 (full 2):
 PSYoungGen      total 23040K, used 2904K [0x00000000eab00000, 0x00000000ec480000, 0x0000000100000000)
  eden space 19968K, 0% used [0x00000000eab00000,0x00000000eab00000,0x00000000ebe80000)
  from space 3072K, 94% used [0x00000000ec180000,0x00000000ec456030,0x00000000ec480000)
  to   space 3072K, 0% used [0x00000000ebe80000,0x00000000ebe80000,0x00000000ec180000)
 ParOldGen       total 68608K, used 30820K [0x00000000c0000000, 0x00000000c4300000, 0x00000000eab00000)
  object space 68608K, 44% used [0x00000000c0000000,0x00000000c1e19380,0x00000000c4300000)
 Metaspace       used 37588K, committed 38528K, reserved 1114112K
  class space    used 3695K, committed 4160K, reserved 1048576K
}
Event: 19.074 GC heap before
{Heap before GC invocations=23 (full 2):
 PSYoungGen      total 23040K, used 22870K [0x00000000eab00000, 0x00000000ec480000, 0x0000000100000000)
  eden space 19968K, 99% used [0x00000000eab00000,0x00000000ebe7f980,0x00000000ebe80000)
  from space 3072K, 94% used [0x00000000ec180000,0x00000000ec456030,0x00000000ec480000)
  to   space 3072K, 0% used [0x00000000ebe80000,0x00000000ebe80000,0x00000000ec180000)
 ParOldGen       total 68608K, used 30820K [0x00000000c0000000, 0x00000000c4300000, 0x00000000eab00000)
  object space 68608K, 44% used [0x00000000c0000000,0x00000000c1e19380,0x00000000c4300000)
 Metaspace       used 38782K, committed 39744K, reserved 1114112K
  class space    used 3792K, committed 4224K, reserved 1048576K
}
Event: 19.078 GC heap after
{Heap after GC invocations=23 (full 2):
 PSYoungGen      total 21504K, used 1412K [0x00000000eab00000, 0x00000000ec280000, 0x0000000100000000)
  eden space 19968K, 0% used [0x00000000eab00000,0x00000000eab00000,0x00000000ebe80000)
  from space 1536K, 91% used [0x00000000ebe80000,0x00000000ebfe13b8,0x00000000ec000000)
  to   space 2048K, 0% used [0x00000000ec080000,0x00000000ec080000,0x00000000ec280000)
 ParOldGen       total 68608K, used 33404K [0x00000000c0000000, 0x00000000c4300000, 0x00000000eab00000)
  object space 68608K, 48% used [0x00000000c0000000,0x00000000c209f380,0x00000000c4300000)
 Metaspace       used 38782K, committed 39744K, reserved 1114112K
  class space    used 3792K, committed 4224K, reserved 1048576K
}
Event: 20.109 GC heap before
{Heap before GC invocations=24 (full 2):
 PSYoungGen      total 21504K, used 21380K [0x00000000eab00000, 0x00000000ec280000, 0x0000000100000000)
  eden space 19968K, 100% used [0x00000000eab00000,0x00000000ebe80000,0x00000000ebe80000)
  from space 1536K, 91% used [0x00000000ebe80000,0x00000000ebfe13b8,0x00000000ec000000)
  to   space 2048K, 0% used [0x00000000ec080000,0x00000000ec080000,0x00000000ec280000)
 ParOldGen       total 68608K, used 33404K [0x00000000c0000000, 0x00000000c4300000, 0x00000000eab00000)
  object space 68608K, 48% used [0x00000000c0000000,0x00000000c209f380,0x00000000c4300000)
 Metaspace       used 40596K, committed 41600K, reserved 1114112K
  class space    used 3944K, committed 4416K, reserved 1048576K
}
Event: 20.113 GC heap after
{Heap after GC invocations=24 (full 2):
 PSYoungGen      total 21504K, used 1295K [0x00000000eab00000, 0x00000000ec200000, 0x0000000100000000)
  eden space 19968K, 0% used [0x00000000eab00000,0x00000000eab00000,0x00000000ebe80000)
  from space 1536K, 84% used [0x00000000ec080000,0x00000000ec1c3fb0,0x00000000ec200000)
  to   space 1536K, 0% used [0x00000000ebe80000,0x00000000ebe80000,0x00000000ec000000)
 ParOldGen       total 68608K, used 34474K [0x00000000c0000000, 0x00000000c4300000, 0x00000000eab00000)
  object space 68608K, 50% used [0x00000000c0000000,0x00000000c21aa920,0x00000000c4300000)
 Metaspace       used 40596K, committed 41600K, reserved 1114112K
  class space    used 3944K, committed 4416K, reserved 1048576K
}
Event: 21.247 GC heap before
{Heap before GC invocations=25 (full 2):
 PSYoungGen      total 21504K, used 21263K [0x00000000eab00000, 0x00000000ec200000, 0x0000000100000000)
  eden space 19968K, 100% used [0x00000000eab00000,0x00000000ebe80000,0x00000000ebe80000)
  from space 1536K, 84% used [0x00000000ec080000,0x00000000ec1c3fb0,0x00000000ec200000)
  to   space 1536K, 0% used [0x00000000ebe80000,0x00000000ebe80000,0x00000000ec000000)
 ParOldGen       total 68608K, used 34474K [0x00000000c0000000, 0x00000000c4300000, 0x00000000eab00000)
  object space 68608K, 50% used [0x00000000c0000000,0x00000000c21aa920,0x00000000c4300000)
 Metaspace       used 41886K, committed 42880K, reserved 1114112K
  class space    used 4059K, committed 4480K, reserved 1048576K
}
Event: 21.254 GC heap after
{Heap after GC invocations=25 (full 2):
 PSYoungGen      total 21504K, used 1351K [0x00000000eab00000, 0x00000000ec180000, 0x0000000100000000)
  eden space 19968K, 0% used [0x00000000eab00000,0x00000000eab00000,0x00000000ebe80000)
  from space 1536K, 88% used [0x00000000ebe80000,0x00000000ebfd1fe8,0x00000000ec000000)
  to   space 1536K, 0% used [0x00000000ec000000,0x00000000ec000000,0x00000000ec180000)
 ParOldGen       total 68608K, used 36152K [0x00000000c0000000, 0x00000000c4300000, 0x00000000eab00000)
  object space 68608K, 52% used [0x00000000c0000000,0x00000000c234e0e8,0x00000000c4300000)
 Metaspace       used 41886K, committed 42880K, reserved 1114112K
  class space    used 4059K, committed 4480K, reserved 1048576K
}
Event: 22.401 GC heap before
{Heap before GC invocations=26 (full 2):
 PSYoungGen      total 21504K, used 21319K [0x00000000eab00000, 0x00000000ec180000, 0x0000000100000000)
  eden space 19968K, 100% used [0x00000000eab00000,0x00000000ebe80000,0x00000000ebe80000)
  from space 1536K, 88% used [0x00000000ebe80000,0x00000000ebfd1fe8,0x00000000ec000000)
  to   space 1536K, 0% used [0x00000000ec000000,0x00000000ec000000,0x00000000ec180000)
 ParOldGen       total 68608K, used 36152K [0x00000000c0000000, 0x00000000c4300000, 0x00000000eab00000)
  object space 68608K, 52% used [0x00000000c0000000,0x00000000c234e0e8,0x00000000c4300000)
 Metaspace       used 43745K, committed 44864K, reserved 1114112K
  class space    used 4239K, committed 4736K, reserved 1048576K
}
Event: 22.408 GC heap after
{Heap after GC invocations=26 (full 2):
 PSYoungGen      total 17408K, used 1513K [0x00000000eab00000, 0x00000000ec980000, 0x0000000100000000)
  eden space 15872K, 0% used [0x00000000eab00000,0x00000000eab00000,0x00000000eba80000)
  from space 1536K, 98% used [0x00000000ec000000,0x00000000ec17a6d0,0x00000000ec180000)
  to   space 5632K, 0% used [0x00000000eba80000,0x00000000eba80000,0x00000000ec000000)
 ParOldGen       total 68608K, used 39231K [0x00000000c0000000, 0x00000000c4300000, 0x00000000eab00000)
  object space 68608K, 57% used [0x00000000c0000000,0x00000000c264fc30,0x00000000c4300000)
 Metaspace       used 43745K, committed 44864K, reserved 1114112K
  class space    used 4239K, committed 4736K, reserved 1048576K
}
Event: 23.184 GC heap before
{Heap before GC invocations=27 (full 2):
 PSYoungGen      total 17408K, used 17385K [0x00000000eab00000, 0x00000000ec980000, 0x0000000100000000)
  eden space 15872K, 100% used [0x00000000eab00000,0x00000000eba80000,0x00000000eba80000)
  from space 1536K, 98% used [0x00000000ec000000,0x00000000ec17a6d0,0x00000000ec180000)
  to   space 5632K, 0% used [0x00000000eba80000,0x00000000eba80000,0x00000000ec000000)
 ParOldGen       total 68608K, used 39231K [0x00000000c0000000, 0x00000000c4300000, 0x00000000eab00000)
  object space 68608K, 57% used [0x00000000c0000000,0x00000000c264fc30,0x00000000c4300000)
 Metaspace       used 45197K, committed 46336K, reserved 1114112K
  class space    used 4369K, committed 4864K, reserved 1048576K
}
Event: 23.190 GC heap after
{Heap after GC invocations=27 (full 2):
 PSYoungGen      total 18944K, used 2647K [0x00000000eab00000, 0x00000000ec180000, 0x0000000100000000)
  eden space 15872K, 0% used [0x00000000eab00000,0x00000000eab00000,0x00000000eba80000)
  from space 3072K, 86% used [0x00000000eba80000,0x00000000ebd15fb8,0x00000000ebd80000)
  to   space 3584K, 0% used [0x00000000ebe00000,0x00000000ebe00000,0x00000000ec180000)
 ParOldGen       total 68608K, used 40740K [0x00000000c0000000, 0x00000000c4300000, 0x00000000eab00000)
  object space 68608K, 59% used [0x00000000c0000000,0x00000000c27c9260,0x00000000c4300000)
 Metaspace       used 45197K, committed 46336K, reserved 1114112K
  class space    used 4369K, committed 4864K, reserved 1048576K
}

